2023-04-09T02:30:47.728Z - info: [ui] [AppStore] loading 0 repositories from store
2023-04-09T02:30:47.857Z - info: [ui] [Welcome] no sign in step found. ignoring...
2023-04-09T02:30:47.861Z - info: [ui] launching: 3.2.1-linux1 (Linux 6.2.10-arch1-1)
2023-04-09T02:30:47.861Z - info: [ui] execPath: '/opt/github-desktop/github-desktop'
2023-04-09T02:30:47.898Z - info: [ui] [Welcome] no sign in step found. ignoring...
2023-04-09T02:30:47.946Z - info: [ui] [Welcome] no sign in step found. ignoring...
2023-04-09T02:30:49.239Z - info: [ui] Opt in reported.
2023-04-09T02:30:51.393Z - info: [ui] [Welcome] advancing to step: ConfigureGit
2023-04-09T02:30:56.839Z - info: [ui] [Welcome] advancing to step: Start
2023-04-09T02:30:58.045Z - info: [ui] [Welcome] advancing to step: SignInToDotComWithBrowser
2023-04-09T02:30:58.046Z - info: [ui] [SignInStore] initializing OAuth flow
2023-04-09T02:30:58.052Z - info: [main] opening in browser: https://github.com/login/oauth/authorize?client_id=3a723b10ac5575cc5bb9&scope=repo%20user%20workflow&state=a66990a0-c925-45fb-97ef-72679bdf0695
2023-04-09T02:30:58.054Z - info: [ui] [Welcome] current sign in state not found. ignoring...
2023-04-09T02:30:59.889Z - info: [ui] [Welcome] kind Authentication is the same as Authentication. ignoring...
2023-04-09T02:31:05.137Z - info: [ui] [Welcome] kind Authentication is the same as Authentication. ignoring...
2023-04-09T02:31:05.789Z - info: [ui] [Welcome] kind Authentication is the same as Authentication. ignoring...
2023-04-09T02:31:11.458Z - info: [main] Received possible protocol arguments: 3
2023-04-09T02:31:11.458Z - info: [main] Processing protocol url
2023-04-09T02:31:11.475Z - info: [ui] [Dispatcher] requesting authenticated user
2023-04-09T02:31:11.478Z - info: [ui] [Welcome] kind Authentication is the same as Authentication. ignoring...
2023-04-09T02:31:11.682Z - info: [main] Received possible protocol arguments: 2
2023-04-09T02:31:11.691Z - info: [main] Processing protocol url
2023-04-09T02:31:11.747Z - info: [ui] [Welcome] kind Authentication is the same as Authentication. ignoring...
2023-04-09T02:31:14.964Z - info: [ui] [Welcome] kind Authentication is the same as Authentication. ignoring...
2023-04-09T02:31:16.384Z - info: [ui] [Welcome] kind Authentication is the same as Authentication. ignoring...
2023-04-09T02:31:17.756Z - info: [ui] [SignInStore] account resolved
2023-04-09T02:31:17.757Z - info: [ui] [AppStore] adding account osama-su (Osama Ahmed) to store
2023-04-09T02:31:17.769Z - info: [ui] [Welcome] advancing to step: ConfigureGit
2023-04-09T02:31:17.806Z - info: [ui] [Welcome] no sign in step found. ignoring...
2023-04-09T02:31:42.787Z - error: [ui] Error adding account 'osama-su'
Error: Error calling StartServiceByName for org.freedesktop.secrets: Timeout was reached
